0 info it worked if it ends with ok
1 verbose cli [ 'C:\\Program Files (x86)\\nodejs\\node.exe',
1 verbose cli   'C:\\Users\\José\\AppData\\Roaming\\npm\\node_modules\\npm\\bin\\npm-cli.js',
1 verbose cli   'run',
1 verbose cli   'start' ]
2 info using npm@3.8.6
3 info using node@v7.0.0
4 verbose run-script [ 'prestart', 'start', 'poststart' ]
5 info lifecycle react-redux-webpack-hmr-starter-template@1.0.0~prestart: react-redux-webpack-hmr-starter-template@1.0.0
6 silly lifecycle react-redux-webpack-hmr-starter-template@1.0.0~prestart: no script for prestart, continuing
7 info lifecycle react-redux-webpack-hmr-starter-template@1.0.0~start: react-redux-webpack-hmr-starter-template@1.0.0
8 verbose lifecycle react-redux-webpack-hmr-starter-template@1.0.0~start: unsafe-perm in lifecycle true
9 verbose lifecycle react-redux-webpack-hmr-starter-template@1.0.0~start: PATH: C:\Users\José\AppData\Roaming\npm\node_modules\npm\bin\node-gyp-bin;C:\Code\react-es6-webpack-minimal-starter-template\node_modules\.bin;C:\Program Files (x86)\nodejs;C:\ProgramData\Oracle\Java\javapath;C:\Program Files (x86)\NVIDIA Corporation\PhysX\Common;c:\Program Files (x86)\Intel\iCLS Client\;c:\Program Files\Intel\iCLS Client\;C:\Windows\system32;C:\Windows;C:\Windows\System32\Wbem;C:\Windows\System32\WindowsPowerShell\v1.0\;C:\Program Files\Intel\Intel(R) Management Engine Components\DAL;C:\Program Files\Intel\Intel(R) Management Engine Components\IPT;C:\Program Files (x86)\Intel\Intel(R) Management Engine Components\DAL;C:\Program Files (x86)\Intel\Intel(R) Management Engine Components\IPT;C:\Program Files\Intel\WiFi\bin\;C:\Program Files\Common Files\Intel\WirelessCommon\;C:\Program Files (x86)\Windows Live\Shared;C:\WINDOWS\system32;C:\WINDOWS;C:\WINDOWS\System32\Wbem;C:\WINDOWS\System32\WindowsPowerShell\v1.0\;C:\Program Files (x86)\Skype\Phone\;C:\Users\José\AppData\Roaming\npm;C:\Program Files (x86)\Java\jre7\bin;C:\adb;C:\WINDOWS\system32;C:\WINDOWS;C:\WINDOWS\System32\Wbem;C:\WINDOWS\System32\WindowsPowerShell\v1.0\;C:\Program Files (x86)\Microsoft Emulator Manager\1.0\;C:\Program Files (x86)\Windows Kits\10\Windows Performance Toolkit\;C:\ProgramData\chocolatey\bin;C:\Program Files\Java\jdk1.8.0_102\bin;C:\Program Files\Git\cmd;C:\Program Files (x86)\nodejs\;C:\Program Files (x86)\Microsoft VS Code\bin;C:\Users\José\AppData\Local\Microsoft\WindowsApps;C:\Users\José\AppData\Local\Android\android-sdk\tools;C:\Users\José\AppData\Local\Android\android-sdk\platform-tools
10 verbose lifecycle react-redux-webpack-hmr-starter-template@1.0.0~start: CWD: C:\Code\react-es6-webpack-minimal-starter-template
11 silly lifecycle react-redux-webpack-hmr-starter-template@1.0.0~start: Args: [ '/d /s /c', 'set NODE_ENV=development && node server.js' ]
12 silly lifecycle react-redux-webpack-hmr-starter-template@1.0.0~start: Returned: code: 1  signal: null
13 info lifecycle react-redux-webpack-hmr-starter-template@1.0.0~start: Failed to exec start script
14 verbose stack Error: react-redux-webpack-hmr-starter-template@1.0.0 start: `set NODE_ENV=development && node server.js`
14 verbose stack Exit status 1
14 verbose stack     at EventEmitter.<anonymous> (C:\Users\José\AppData\Roaming\npm\node_modules\npm\lib\utils\lifecycle.js:239:16)
14 verbose stack     at emitTwo (events.js:106:13)
14 verbose stack     at EventEmitter.emit (events.js:191:7)
14 verbose stack     at ChildProcess.<anonymous> (C:\Users\José\AppData\Roaming\npm\node_modules\npm\lib\utils\spawn.js:24:14)
14 verbose stack     at emitTwo (events.js:106:13)
14 verbose stack     at ChildProcess.emit (events.js:191:7)
14 verbose stack     at maybeClose (internal/child_process.js:877:16)
14 verbose stack     at Process.ChildProcess._handle.onexit (internal/child_process.js:226:5)
15 verbose pkgid react-redux-webpack-hmr-starter-template@1.0.0
16 verbose cwd C:\Code\react-es6-webpack-minimal-starter-template
17 error Windows_NT 10.0.14393
18 error argv "C:\\Program Files (x86)\\nodejs\\node.exe" "C:\\Users\\José\\AppData\\Roaming\\npm\\node_modules\\npm\\bin\\npm-cli.js" "run" "start"
19 error node v7.0.0
20 error npm  v3.8.6
21 error code ELIFECYCLE
22 error react-redux-webpack-hmr-starter-template@1.0.0 start: `set NODE_ENV=development && node server.js`
22 error Exit status 1
23 error Failed at the react-redux-webpack-hmr-starter-template@1.0.0 start script 'set NODE_ENV=development && node server.js'.
23 error Make sure you have the latest version of node.js and npm installed.
23 error If you do, this is most likely a problem with the react-redux-webpack-hmr-starter-template package,
23 error not with npm itself.
23 error Tell the author that this fails on your system:
23 error     set NODE_ENV=development && node server.js
23 error You can get information on how to open an issue for this project with:
23 error     npm bugs react-redux-webpack-hmr-starter-template
23 error Or if that isn't available, you can get their info via:
23 error     npm owner ls react-redux-webpack-hmr-starter-template
23 error There is likely additional logging output above.
24 verbose exit [ 1, true ]
